In file included from [01m[K/home/autoware/Autoware/src/autoware/core_perception/vision_darknet_detect/src/vision_darknet_detect_node.cpp:21:0[m[K:
[01m[K/home/autoware/Autoware/src/autoware/core_perception/vision_darknet_detect/src/vision_darknet_detect.h:101:37:[m[K [01;31m[Kerror: [m[Kstorage class specified for â€˜[01m[Ki[m[Kâ€™
     extern int                      [01;31m[Ki[m[K;
                                     [01;31m[K^[m[K
In file included from [01m[K/home/autoware/Autoware/src/autoware/core_perception/vision_darknet_detect/src/vision_darknet_detect.cpp:22:0[m[K:
[01m[K/home/autoware/Autoware/src/autoware/core_perception/vision_darknet_detect/src/vision_darknet_detect.h:101:37:[m[K [01;31m[Kerror: [m[Kstorage class specified for â€˜[01m[Ki[m[Kâ€™
     extern int                      [01;31m[Ki[m[K;
                                     [01;31m[K^[m[K
[01m[K/home/autoware/Autoware/src/autoware/core_perception/vision_darknet_detect/src/vision_darknet_detect.cpp:[m[K In member function â€˜[01m[Kvoid Yolo3DetectorNode::fit_flag_callback(const Int64&)[m[Kâ€™:
[01m[K/home/autoware/Autoware/src/autoware/core_perception/vision_darknet_detect/src/vision_darknet_detect.cpp:253:5:[m[K [01;31m[Kerror: [m[Kâ€˜[01m[Kfault_flag_[m[Kâ€™ was not declared in this scope
     [01;31m[Kfault_flag_[m[K = fault_msg.data;
     [01;31m[K^~~~~~~~~~~[m[K
[01m[K/home/autoware/Autoware/src/autoware/core_perception/vision_darknet_detect/src/vision_darknet_detect.cpp:253:5:[m[K [01;36m[Knote: [m[Ksuggested alternative: â€˜[01m[Kfault_msg[m[Kâ€™
     [01;36m[Kfault_flag_[m[K = fault_msg.data;
     [01;36m[K^~~~~~~~~~~[m[K
     [32m[Kfault_msg[m[K
[01m[K/home/autoware/Autoware/src/autoware/core_perception/vision_darknet_detect/src/vision_darknet_detect.cpp:[m[K In member function â€˜[01m[Kvoid Yolo3DetectorNode::image_callback(const ImageConstPtr&)[m[Kâ€™:
[01m[K/home/autoware/Autoware/src/autoware/core_perception/vision_darknet_detect/src/vision_darknet_detect.cpp:270:9:[m[K [01;31m[Kerror: [m[Kâ€˜[01m[Kfault_flag_[m[Kâ€™ was not declared in this scope
     if ([01;31m[Kfault_flag_[m[K == 0)
         [01;31m[K^~~~~~~~~~~[m[K
[01m[K/home/autoware/Autoware/src/autoware/core_perception/vision_darknet_detect/src/vision_darknet_detect.cpp:[m[K In member function â€˜[01m[Kvoid Yolo3DetectorNode::fit_image_callback(const ImageConstPtr&)[m[Kâ€™:
[01m[K/home/autoware/Autoware/src/autoware/core_perception/vision_darknet_detect/src/vision_darknet_detect.cpp:296:9:[m[K [01;31m[Kerror: [m[Kâ€˜[01m[Kfault_flag_[m[Kâ€™ was not declared in this scope
     if ([01;31m[Kfault_flag_[m[K == 1)
         [01;31m[K^~~~~~~~~~~[m[K
make[2]: *** [CMakeFiles/vision_darknet_detect.dir/src/vision_darknet_detect_node.cpp.o] Error 1
make[2]: *** Waiting for unfinished jobs....
make[2]: *** [CMakeFiles/vision_darknet_detect.dir/src/vision_darknet_detect.cpp.o] Error 1
make[1]: *** [CMakeFiles/vision_darknet_detect.dir/all] Error 2
make: *** [all] Error 2
