Traceback (most recent call last):
  File "/opt/ros/melodic/share/genmsg/cmake/../../../lib/genmsg/genmsg_check_deps.py", line 41, in <module>
make[2]: *** [CMakeFiles/_autoware_msgs_generate_messages_check_deps_PointsImage] Interrupt
    from genmsg import EXT_MSG, EXT_SRV, MsgContext
  File "/opt/ros/melodic/lib/python2.7/dist-packages/genmsg/__init__.py", line 33, in <module>
Traceback (most recent call last):
  File "/usr/lib/python2.7/site.py", line 554, in <module>
    from . base import MSG_DIR, SRV_DIR, EXT_MSG, EXT_SRV, SEP, log, plog, InvalidMsgSpec, log_verbose, MsgGenerationException
  File "/opt/ros/melodic/lib/python2.7/dist-packages/genmsg/base.py", line 52, in <module>
make[2]: *** wait: No child processes.  Stop.
make[2]: *** Waiting for unfinished jobs....
make[2]: *** wait: No child processes.  Stop.
make[1]: *** [CMakeFiles/_autoware_msgs_generate_messages_check_deps_PointsImage.dir/all] Interrupt
Traceback (most recent call last):
make[1]: *** [CMakeFiles/std_msgs_generate_messages_cpp.dir/all] Interrupt
  File "/usr/lib/python2.7/site.py", line 68, in <module>
make[2]: *** [CMakeFiles/_autoware_msgs_generate_messages_check_deps_GeometricRectangle] Interrupt
make[1]: *** [CMakeFiles/jsk_recognition_msgs_generate_messages_cpp.dir/all] Interrupt
    import os
  File "/usr/lib/python2.7/os.py", line 49, in <module>
    import posixpath as path
  File "/usr/lib/python2.7/posixpath.py", line 11, in <module>
    import inspect, pprint
  File "/usr/lib/python2.7/inspect.py", line 39, in <module>
    """
KeyboardInterrupt
Traceback (most recent call last):
  File "/opt/ros/melodic/share/genmsg/cmake/../../../lib/genmsg/genmsg_check_deps.py", line 41, in <module>
make[2]: *** wait: No child processes.  Stop.
make[2]: *** Waiting for unfinished jobs....
make[2]: *** wait: No child processes.  Stop.
    from genmsg import EXT_MSG, EXT_SRV, MsgContext
  File "/opt/ros/melodic/lib/python2.7/dist-packages/genmsg/__init__.py", line 33, in <module>
    from . base import MSG_DIR, SRV_DIR, EXT_MSG, EXT_SRV, SEP, log, plog, InvalidMsgSpec, log_verbose, MsgGenerationException
make[2]: *** wait: No child processes.  Stop.
  File "/opt/ros/melodic/lib/python2.7/dist-packages/genmsg/base.py", line 52, in <module>
make[2]: *** Waiting for unfinished jobs....
make[2]: *** wait: No child processes.  Stop.
    import inspect, pprint
  File "/usr/lib/python2.7/inspect.py", line 35, in <module>
make[2]: *** [CMakeFiles/geometry_msgs_generate_messages_cpp.dir/depend] Interrupt
make[2]: *** [CMakeFiles/_autoware_msgs_generate_messages_check_deps_VehicleLocation] Interrupt
make[2]: *** [CMakeFiles/sensor_msgs_generate_messages_cpp.dir/depend] Interrupt
make[1]: *** wait: No child processes.  Stop.
make[1]: *** Waiting for unfinished jobs....
make[1]: *** wait: No child processes.  Stop.
make[1]: *** [CMakeFiles/_autoware_msgs_generate_messages_check_deps_GeometricRectangle.dir/all] Interrupt
make[1]: *** [CMakeFiles/_autoware_msgs_generate_messages_check_deps_DetectedObjectArray.dir/all] Interrupt
make[1]: *** [CMakeFiles/sensor_msgs_generate_messages_cpp.dir/all] Interrupt
make[1]: *** [CMakeFiles/_autoware_msgs_generate_messages_check_deps_ImageLaneObjects.dir/all] Error 2
make[1]: *** [CMakeFiles/geometry_msgs_generate_messages_cpp.dir/all] Interrupt
make[1]: *** [CMakeFiles/_autoware_msgs_generate_messages_check_deps_VehicleLocation.dir/all] Interrupt
make[1]: *** [CMakeFiles/_autoware_msgs_generate_messages_check_deps_ICPStat.dir/all] Error 2
make[1]: *** [CMakeFiles/_autoware_msgs_generate_messages_check_deps_ScanImage.dir/all] Interrupt
make[1]: *** [CMakeFiles/_autoware_msgs_generate_messages_check_deps_ControlCommand.dir/all] Error 2
Traceback (most recent call last):
  File "/usr/lib/python2.7/site.py", line 554, in <module>
make[2]: *** [CMakeFiles/_autoware_msgs_generate_messages_check_deps_TrafficLightResult] Interrupt
make[2]: *** [CMakeFiles/_autoware_msgs_generate_messages_check_deps_ImageObjects] Error 1
make[1]: *** [CMakeFiles/_autoware_msgs_generate_messages_check_deps_TrafficLightResult.dir/all] Interrupt
make[1]: *** [CMakeFiles/_autoware_msgs_generate_messages_check_deps_ImageObjects.dir/all] Interrupt
        import string
import tokenize
  File "/usr/lib/python2.7/string.py", line 20, in <module>
  File "/usr/lib/python2.7/tokenize.py", line 31, in <module>
        main()
main()
  File "/usr/lib/python2.7/site.py", line 547, in main
  File "/usr/lib/python2.7/site.py", line 536, in main
    execusercustomize()
  File "/usr/lib/python2.7/site.py", line 518, in execusercustomize
    known_paths = addusersitepackages(known_paths)
  File "/usr/lib/python2.7/site.py", line 272, in addusersitepackages
        import usercustomize
user_site = getusersitepackages()
KeyboardInterrupt  File "/usr/lib/python2.7/site.py", line 247, in getusersitepackages

    user_base = getuserbase() # this will also set USER_BASE
  File "/usr/lib/python2.7/site.py", line 237, in getuserbase
    USER_BASE = get_config_var('userbase')
  File "/usr/lib/python2.7/sysconfig.py", line 587, in get_config_var
    """
KeyboardInterrupt
    return get_config_vars().get(name)
  File "/usr/lib/python2.7/sysconfig.py", line 533, in get_config_vars
    _init_posix(_CONFIG_VARS)
  File "/usr/lib/python2.7/sysconfig.py", line 417, in _init_posix
    from _sysconfigdata import build_time_vars
  File "/usr/lib/python2.7/_sysconfigdata.py", line 1, in <module>
make[2]: *** [CMakeFiles/_autoware_msgs_generate_messages_check_deps_CloudCluster] Error 1
make[1]: *** [CMakeFiles/_autoware_msgs_generate_messages_check_deps_CloudCluster.dir/all] Interrupt
    from token import *
  File "/usr/lib/python2.7/token.py", line 1, in <module>
    """Token constants (from "token.h")."""
KeyboardInterrupt
    import sys
KeyboardInterrupt
make[2]: *** [CMakeFiles/_autoware_msgs_generate_messages_check_deps_ImageObjRanged] Error 1
make[1]: *** [CMakeFiles/_autoware_msgs_generate_messages_check_deps_ImageObjRanged.dir/all] Interrupt
make[2]: *** [CMakeFiles/_autoware_msgs_generate_messages_check_deps_SteerCmd] Error 1
make[2]: *** [CMakeFiles/_autoware_msgs_generate_messages_check_deps_TunedResult] Error 1
make[1]: *** [CMakeFiles/_autoware_msgs_generate_messages_check_deps_SteerCmd.dir/all] Interrupt
make[1]: *** [CMakeFiles/_autoware_msgs_generate_messages_check_deps_TunedResult.dir/all] Interrupt
make: *** [all] Interrupt
