[  0%] Built target geometry_msgs_generate_messages_eus
[  0%] Built target jsk_recognition_msgs_generate_messages_eus
[  0%] Built target std_msgs_generate_messages_eus
[  0%] Built target _autoware_msgs_generate_messages_check_deps_ImageObjTracked
[  0%] Built target _autoware_msgs_generate_messages_check_deps_ObjLabel
[  0%] Built target _autoware_msgs_generate_messages_check_deps_RecognizeLightState
[  0%] Built target _autoware_msgs_generate_messages_check_deps_ExtractedPosition
[  0%] Built target _autoware_msgs_generate_messages_check_deps_VscanTracked
[  0%] Built target _autoware_msgs_generate_messages_check_deps_DetectedObject
[  0%] Built target _autoware_msgs_generate_messages_check_deps_RemoteCmd
[  0%] Built target _autoware_msgs_generate_messages_check_deps_SyncTimeDiff
[  0%] Built target _autoware_msgs_generate_messages_check_deps_ImageRectRanged
[  0%] Built target sensor_msgs_generate_messages_eus
[  0%] Built target _autoware_msgs_generate_messages_check_deps_ColorSet
[  0%] Built target _autoware_msgs_generate_messages_check_deps_DTLane
[  0%] Built target _autoware_msgs_generate_messages_check_deps_LampCmd
[  0%] Built target _autoware_msgs_generate_messages_check_deps_VehicleCmd
[  0%] Built target _autoware_msgs_generate_messages_check_deps_ValueSet
[  0%] Built target _autoware_msgs_generate_messages_check_deps_ControlCommandStamped
[  0%] Built target _autoware_msgs_generate_messages_check_deps_WaypointState
[  0%] Built target _autoware_msgs_generate_messages_check_deps_CloudClusterArray
[  0%] Built target _autoware_msgs_generate_messages_check_deps_NDTStat
[  0%] Built target _autoware_msgs_generate_messages_check_deps_Lane
[  0%] Built target _autoware_msgs_generate_messages_check_deps_ImageRect
[  0%] Built target _autoware_msgs_generate_messages_check_deps_IndicatorCmd
[  0%] Built target _autoware_msgs_generate_messages_check_deps_ProjectionMatrix
[  0%] Built target _autoware_msgs_generate_messages_check_deps_AdjustXY
[  0%] Built target _autoware_msgs_generate_messages_check_deps_ObjPose
[  0%] Built target _autoware_msgs_generate_messages_check_deps_VscanTrackedArray
[  0%] Built target _autoware_msgs_generate_messages_check_deps_State
[  0%] Built target _autoware_msgs_generate_messages_check_deps_StateCmd
[  0%] Built target _autoware_msgs_generate_messages_check_deps_TrafficLightResultArray
[  0%] Built target _autoware_msgs_generate_messages_check_deps_SyncTimeMonitor
[  0%] Built target _autoware_msgs_generate_messages_check_deps_Centroids
[  0%] Built target _autoware_msgs_generate_messages_check_deps_BrakeCmd
[  0%] Built target _autoware_msgs_generate_messages_check_deps_ImageObj
[  0%] Built target _autoware_msgs_generate_messages_check_deps_TrafficLight
[  0%] Built target _autoware_msgs_generate_messages_check_deps_AccelCmd
[  0%] Built target _autoware_msgs_generate_messages_check_deps_Gear
[  0%] Built target _autoware_msgs_generate_messages_check_deps_LaneArray
[  0%] Built target _autoware_msgs_generate_messages_check_deps_Waypoint
[  0%] Built target _autoware_msgs_generate_messages_check_deps_DetectedObjectArray
CMakeFiles/_autoware_msgs_generate_messages_check_deps_PointsImage.dir/build.make:57: recipe for target 'CMakeFiles/_autoware_msgs_generate_messages_check_deps_PointsImage' failed
Traceback (most recent call last):
  File "/opt/ros/melodic/share/genmsg/cmake/../../../lib/genmsg/genmsg_check_deps.py", line 41, in <module>
make[2]: *** [CMakeFiles/_autoware_msgs_generate_messages_check_deps_PointsImage] Interrupt
    from genmsg import EXT_MSG, EXT_SRV, MsgContext
  File "/opt/ros/melodic/lib/python2.7/dist-packages/genmsg/__init__.py", line 33, in <module>
Traceback (most recent call last):
  File "/usr/lib/python2.7/site.py", line 554, in <module>
    from . base import MSG_DIR, SRV_DIR, EXT_MSG, EXT_SRV, SEP, log, plog, InvalidMsgSpec, log_verbose, MsgGenerationException
  File "/opt/ros/melodic/lib/python2.7/dist-packages/genmsg/base.py", line 52, in <module>
make[2]: *** wait: No child processes.  Stop.
make[2]: *** Waiting for unfinished jobs....
make[2]: *** wait: No child processes.  Stop.
CMakeFiles/Makefile2:779: recipe for target 'CMakeFiles/_autoware_msgs_generate_messages_check_deps_PointsImage.dir/all' failed
CMakeFiles/_autoware_msgs_generate_messages_check_deps_GeometricRectangle.dir/build.make:57: recipe for target 'CMakeFiles/_autoware_msgs_generate_messages_check_deps_GeometricRectangle' failed
CMakeFiles/Makefile2:1227: recipe for target 'CMakeFiles/std_msgs_generate_messages_cpp.dir/all' failed
CMakeFiles/Makefile2:1931: recipe for target 'CMakeFiles/jsk_recognition_msgs_generate_messages_cpp.dir/all' failed
CMakeFiles/Makefile2:3332: recipe for target 'CMakeFiles/_autoware_msgs_generate_messages_check_deps_VehicleStatus.dir/all' failed
CMakeFiles/geometry_msgs_generate_messages_cpp.dir/build.make:70: recipe for target 'CMakeFiles/geometry_msgs_generate_messages_cpp.dir/depend' failed
CMakeFiles/_autoware_msgs_generate_messages_check_deps_VehicleLocation.dir/build.make:57: recipe for target 'CMakeFiles/_autoware_msgs_generate_messages_check_deps_VehicleLocation' failed
CMakeFiles/sensor_msgs_generate_messages_cpp.dir/build.make:70: recipe for target 'CMakeFiles/sensor_msgs_generate_messages_cpp.dir/depend' failed
CMakeFiles/Makefile2:3652: recipe for target 'CMakeFiles/_autoware_msgs_generate_messages_check_deps_GeometricRectangle.dir/all' failed
CMakeFiles/Makefile2:3300: recipe for target 'CMakeFiles/_autoware_msgs_generate_messages_check_deps_DetectedObjectArray.dir/all' failed
CMakeFiles/Makefile2:2155: recipe for target 'CMakeFiles/sensor_msgs_generate_messages_cpp.dir/all' failed
CMakeFiles/Makefile2:747: recipe for target 'CMakeFiles/_autoware_msgs_generate_messages_check_deps_ImageLaneObjects.dir/all' failed
CMakeFiles/Makefile2:3108: recipe for target 'CMakeFiles/geometry_msgs_generate_messages_cpp.dir/all' failed
CMakeFiles/Makefile2:971: recipe for target 'CMakeFiles/_autoware_msgs_generate_messages_check_deps_VehicleLocation.dir/all' failed
CMakeFiles/Makefile2:1099: recipe for target 'CMakeFiles/_autoware_msgs_generate_messages_check_deps_ICPStat.dir/all' failed
CMakeFiles/Makefile2:459: recipe for target 'CMakeFiles/_autoware_msgs_generate_messages_check_deps_Signals.dir/all' failed
CMakeFiles/Makefile2:3556: recipe for target 'CMakeFiles/_autoware_msgs_generate_messages_check_deps_ScanImage.dir/all' failed
CMakeFiles/Makefile2:3460: recipe for target 'CMakeFiles/_autoware_msgs_generate_messages_check_deps_ControlCommand.dir/all' failed
CMakeFiles/_autoware_msgs_generate_messages_check_deps_TrafficLightResult.dir/build.make:57: recipe for target 'CMakeFiles/_autoware_msgs_generate_messages_check_deps_TrafficLightResult' failed
make[1]: *** [CMakeFiles/_autoware_msgs_generate_messages_check_deps_PointsImage.dir/all] Interrupt
Traceback (most recent call last):
make[1]: *** [CMakeFiles/std_msgs_generate_messages_cpp.dir/all] Interrupt
  File "/usr/lib/python2.7/site.py", line 68, in <module>
make[2]: *** [CMakeFiles/_autoware_msgs_generate_messages_check_deps_GeometricRectangle] Interrupt
make[1]: *** [CMakeFiles/jsk_recognition_msgs_generate_messages_cpp.dir/all] Interrupt
    import os
  File "/usr/lib/python2.7/os.py", line 49, in <module>
    import posixpath as path
  File "/usr/lib/python2.7/posixpath.py", line 11, in <module>
    import inspect, pprint
  File "/usr/lib/python2.7/inspect.py", line 39, in <module>
    """
KeyboardInterrupt
Traceback (most recent call last):
  File "/opt/ros/melodic/share/genmsg/cmake/../../../lib/genmsg/genmsg_check_deps.py", line 41, in <module>
make[2]: *** wait: No child processes.  Stop.
make[2]: *** Waiting for unfinished jobs....
make[2]: *** wait: No child processes.  Stop.
    from genmsg import EXT_MSG, EXT_SRV, MsgContext
  File "/opt/ros/melodic/lib/python2.7/dist-packages/genmsg/__init__.py", line 33, in <module>
    from . base import MSG_DIR, SRV_DIR, EXT_MSG, EXT_SRV, SEP, log, plog, InvalidMsgSpec, log_verbose, MsgGenerationException
make[2]: *** wait: No child processes.  Stop.
  File "/opt/ros/melodic/lib/python2.7/dist-packages/genmsg/base.py", line 52, in <module>
make[2]: *** Waiting for unfinished jobs....
make[2]: *** wait: No child processes.  Stop.
    import inspect, pprint
  File "/usr/lib/python2.7/inspect.py", line 35, in <module>
make[2]: *** [CMakeFiles/geometry_msgs_generate_messages_cpp.dir/depend] Interrupt
make[2]: *** [CMakeFiles/_autoware_msgs_generate_messages_check_deps_VehicleLocation] Interrupt
make[2]: *** [CMakeFiles/sensor_msgs_generate_messages_cpp.dir/depend] Interrupt
make[1]: *** wait: No child processes.  Stop.
make[1]: *** Waiting for unfinished jobs....
make[1]: *** wait: No child processes.  Stop.
make[1]: *** [CMakeFiles/_autoware_msgs_generate_messages_check_deps_GeometricRectangle.dir/all] Interrupt
make[1]: *** [CMakeFiles/_autoware_msgs_generate_messages_check_deps_DetectedObjectArray.dir/all] Interrupt
make[1]: *** [CMakeFiles/sensor_msgs_generate_messages_cpp.dir/all] Interrupt
make[1]: *** [CMakeFiles/_autoware_msgs_generate_messages_check_deps_ImageLaneObjects.dir/all] Error 2
make[1]: *** [CMakeFiles/geometry_msgs_generate_messages_cpp.dir/all] Interrupt
make[1]: *** [CMakeFiles/_autoware_msgs_generate_messages_check_deps_VehicleLocation.dir/all] Interrupt
make[1]: *** [CMakeFiles/_autoware_msgs_generate_messages_check_deps_ICPStat.dir/all] Error 2
make[1]: *** [CMakeFiles/_autoware_msgs_generate_messages_check_deps_ScanImage.dir/all] Interrupt
make[1]: *** [CMakeFiles/_autoware_msgs_generate_messages_check_deps_ControlCommand.dir/all] Error 2
Traceback (most recent call last):
  File "/usr/lib/python2.7/site.py", line 554, in <module>
make[2]: *** [CMakeFiles/_autoware_msgs_generate_messages_check_deps_TrafficLightResult] Interrupt
make[2]: *** [CMakeFiles/_autoware_msgs_generate_messages_check_deps_ImageObjects] Error 1
make[1]: *** [CMakeFiles/_autoware_msgs_generate_messages_check_deps_TrafficLightResult.dir/all] Interrupt
CMakeFiles/_autoware_msgs_generate_messages_check_deps_ImageObjects.dir/build.make:57: recipe for target 'CMakeFiles/_autoware_msgs_generate_messages_check_deps_ImageObjects' failed
CMakeFiles/Makefile2:427: recipe for target 'CMakeFiles/_autoware_msgs_generate_messages_check_deps_TrafficLightResult.dir/all' failed
CMakeFiles/Makefile2:3588: recipe for target 'CMakeFiles/_autoware_msgs_generate_messages_check_deps_ImageObjects.dir/all' failed
make[1]: *** [CMakeFiles/_autoware_msgs_generate_messages_check_deps_ImageObjects.dir/all] Interrupt
        import string
import tokenize
  File "/usr/lib/python2.7/string.py", line 20, in <module>
  File "/usr/lib/python2.7/tokenize.py", line 31, in <module>
        main()
main()
  File "/usr/lib/python2.7/site.py", line 547, in main
  File "/usr/lib/python2.7/site.py", line 536, in main
    execusercustomize()
  File "/usr/lib/python2.7/site.py", line 518, in execusercustomize
    known_paths = addusersitepackages(known_paths)
  File "/usr/lib/python2.7/site.py", line 272, in addusersitepackages
        import usercustomize
user_site = getusersitepackages()
KeyboardInterrupt  File "/usr/lib/python2.7/site.py", line 247, in getusersitepackages

    user_base = getuserbase() # this will also set USER_BASE
  File "/usr/lib/python2.7/site.py", line 237, in getuserbase
    USER_BASE = get_config_var('userbase')
  File "/usr/lib/python2.7/sysconfig.py", line 587, in get_config_var
    """
KeyboardInterrupt
    return get_config_vars().get(name)
  File "/usr/lib/python2.7/sysconfig.py", line 533, in get_config_vars
CMakeFiles/_autoware_msgs_generate_messages_check_deps_CloudCluster.dir/build.make:57: recipe for target 'CMakeFiles/_autoware_msgs_generate_messages_check_deps_CloudCluster' failed
CMakeFiles/Makefile2:3620: recipe for target 'CMakeFiles/_autoware_msgs_generate_messages_check_deps_CloudCluster.dir/all' failed
    _init_posix(_CONFIG_VARS)
  File "/usr/lib/python2.7/sysconfig.py", line 417, in _init_posix
    from _sysconfigdata import build_time_vars
  File "/usr/lib/python2.7/_sysconfigdata.py", line 1, in <module>
make[2]: *** [CMakeFiles/_autoware_msgs_generate_messages_check_deps_CloudCluster] Error 1
make[1]: *** [CMakeFiles/_autoware_msgs_generate_messages_check_deps_CloudCluster.dir/all] Interrupt
    from token import *
  File "/usr/lib/python2.7/token.py", line 1, in <module>
    """Token constants (from "token.h")."""
KeyboardInterrupt
    import sys
KeyboardInterrupt
make[2]: *** [CMakeFiles/_autoware_msgs_generate_messages_check_deps_ImageObjRanged] Error 1
make[1]: *** [CMakeFiles/_autoware_msgs_generate_messages_check_deps_ImageObjRanged.dir/all] Interrupt
CMakeFiles/_autoware_msgs_generate_messages_check_deps_ImageObjRanged.dir/build.make:57: recipe for target 'CMakeFiles/_autoware_msgs_generate_messages_check_deps_ImageObjRanged' failed
CMakeFiles/Makefile2:3364: recipe for target 'CMakeFiles/_autoware_msgs_generate_messages_check_deps_ImageObjRanged.dir/all' failed
CMakeFiles/_autoware_msgs_generate_messages_check_deps_SteerCmd.dir/build.make:57: recipe for target 'CMakeFiles/_autoware_msgs_generate_messages_check_deps_SteerCmd' failed
make[2]: *** [CMakeFiles/_autoware_msgs_generate_messages_check_deps_SteerCmd] Error 1
CMakeFiles/_autoware_msgs_generate_messages_check_deps_TunedResult.dir/build.make:57: recipe for target 'CMakeFiles/_autoware_msgs_generate_messages_check_deps_TunedResult' failed
make[2]: *** [CMakeFiles/_autoware_msgs_generate_messages_check_deps_TunedResult] Error 1
CMakeFiles/Makefile2:3524: recipe for target 'CMakeFiles/_autoware_msgs_generate_messages_check_deps_SteerCmd.dir/all' failed
make[1]: *** [CMakeFiles/_autoware_msgs_generate_messages_check_deps_SteerCmd.dir/all] Interrupt
CMakeFiles/Makefile2:3396: recipe for target 'CMakeFiles/_autoware_msgs_generate_messages_check_deps_TunedResult.dir/all' failed
make[1]: *** [CMakeFiles/_autoware_msgs_generate_messages_check_deps_TunedResult.dir/all] Interrupt
Makefile:140: recipe for target 'all' failed
make: *** [all] Interrupt
