[01m[K/home/autoware/Autoware/src/autoware/visualization/detected_objects_visualizer/src/visualize_rects.cpp:[m[K In constructor â€˜[01m[KVisualizeRects::VisualizeRects()[m[Kâ€™:
[01m[K/home/autoware/Autoware/src/autoware/visualization/detected_objects_visualizer/src/visualize_rects.cpp:39:52:[m[K [01;31m[Kerror: [m[Kâ€˜[01m[Kfit_object_src_topic[m[Kâ€™ was not declared in this scope
   private_nh_.param<std::string>("fit_object_src", [01;31m[Kfit_object_src_topic[m[K, "/detection/image_detector/fit_objects");
                                                    [01;31m[K^~~~~~~~~~~~~~~~~~~~[m[K
[01m[K/home/autoware/Autoware/src/autoware/visualization/detected_objects_visualizer/src/visualize_rects.cpp:39:52:[m[K [01;36m[Knote: [m[Ksuggested alternative: â€˜[01m[Kobject_src_topic[m[Kâ€™
   private_nh_.param<std::string>("fit_object_src", [01;36m[Kfit_object_src_topic[m[K, "/detection/image_detector/fit_objects");
                                                    [01;36m[K^~~~~~~~~~~~~~~~~~~~[m[K
                                                    [32m[Kobject_src_topic[m[K
make[2]: *** [CMakeFiles/visualize_rects.dir/src/visualize_rects.cpp.o] Error 1
make[1]: *** [CMakeFiles/visualize_rects.dir/all] Error 2
make: *** [all] Error 2
