[01m[K/home/autoware/Autoware/src/autoware/core_planning/waypoint_planner/src/velocity_set_lanelet2/velocity_set_lanelet2.cpp:[m[K In function â€˜[01m[KEControl pointsDetection(const pcl::PointCloud<pcl::PointXYZ>&, int, int, const Lane&, const ConstLanelets&, const VelocitySetInfo&, int*, ObstaclePoints*)[m[Kâ€™:
[01m[K/home/autoware/Autoware/src/autoware/core_planning/waypoint_planner/src/velocity_set_lanelet2/velocity_set_lanelet2.cpp:375:26:[m[K [01;31m[Kerror: [m[Kâ€˜[01m[Kpoints_threshold[m[Kâ€™ was not declared in this scope
                          [01;31m[Kpoints_threshold[m[K, vs_info.getLocalizerPose(), obstacle_points, &obstacle_type,
                          [01;31m[K^~~~~~~~~~~~~~~~[m[K
In file included from [01m[K/opt/ros/melodic/include/ros/ros.h:40:0[m[K,
                 from [01m[K/home/autoware/Autoware/src/autoware/core_planning/waypoint_planner/src/velocity_set_lanelet2/velocity_set_lanelet2.cpp:17[m[K:
[01m[K/home/autoware/Autoware/src/autoware/core_planning/waypoint_planner/src/velocity_set_lanelet2/velocity_set_lanelet2.cpp:[m[K In function â€˜[01m[Kint main(int, char**)[m[Kâ€™:
[01m[K/home/autoware/Autoware/src/autoware/core_planning/waypoint_planner/src/velocity_set_lanelet2/velocity_set_lanelet2.cpp:719:38:[m[K [01;31m[Kerror: [m[Kâ€˜[01m[Kpoints_threshold[m[Kâ€™ was not declared in this scope
     ROS_INFO("Points threshold : %d",[01;31m[Kp[m[Koints_threshold);
                                      [01;31m[K^[m[K
[01m[K/home/autoware/Autoware/src/autoware/core_planning/waypoint_planner/src/velocity_set_lanelet2/velocity_set_lanelet2.cpp:719:38:[m[K [01;36m[Knote: [m[Ksuggested alternative: â€˜[01m[Kpoints_sub[m[Kâ€™
make[2]: *** [CMakeFiles/velocity_set_lanelet2.dir/src/velocity_set_lanelet2/velocity_set_lanelet2.cpp.o] Error 1
make[1]: *** [CMakeFiles/velocity_set_lanelet2.dir/all] Error 2
make: *** [all] Error 2
