In file included from [01m[K/home/autoware/Autoware/src/autoware/visualization/detected_objects_visualizer/src/visualize_rects.cpp:20:0[m[K:
[01m[K/home/autoware/Autoware/src/autoware/visualization/detected_objects_visualizer/include/visualize_rects.h:70:42:[m[K [01;31m[Kerror: [m[Kâ€˜[01m[KInt64[m[Kâ€™ in namespace â€˜[01m[Kstd_msgs[m[Kâ€™ does not name a type
   void fit_flag_callback(const std_msgs::[01;31m[KInt64[m[K& fault_msg);
                                          [01;31m[K^~~~~[m[K
[01m[K/home/autoware/Autoware/src/autoware/visualization/detected_objects_visualizer/src/visualize_rects.cpp:[m[K In constructor â€˜[01m[KVisualizeRects::VisualizeRects()[m[Kâ€™:
[01m[K/home/autoware/Autoware/src/autoware/visualization/detected_objects_visualizer/src/visualize_rects.cpp:34:3:[m[K [01;31m[Kerror: [m[Kexpected initializer before â€˜[01m[Kfault_flag_[m[Kâ€™
   [01;31m[Kfault_flag_[m[K = 0;
   [01;31m[K^~~~~~~~~~~[m[K
[01m[K/home/autoware/Autoware/src/autoware/visualization/detected_objects_visualizer/src/visualize_rects.cpp:35:3:[m[K [01;31m[Kerror: [m[Kâ€˜[01m[Ksubscriber_fit_flag_[m[Kâ€™ was not declared in this scope
   [01;31m[Ksubscriber_fit_flag_[m[K = nh.subscribe("fault_flag", 1, &Yolo3DetectorNode::fit_flag_callback, this);
   [01;31m[K^~~~~~~~~~~~~~~~~~~~[m[K
In file included from [01m[K/home/autoware/Autoware/src/autoware/visualization/detected_objects_visualizer/src/visualize_rects_main.cpp:20:0[m[K:
[01m[K/home/autoware/Autoware/src/autoware/visualization/detected_objects_visualizer/include/visualize_rects.h:70:42:[m[K [01;31m[Kerror: [m[Kâ€˜[01m[KInt64[m[Kâ€™ in namespace â€˜[01m[Kstd_msgs[m[Kâ€™ does not name a type
   void fit_flag_callback(const std_msgs::[01;31m[KInt64[m[K& fault_msg);
                                          [01;31m[K^~~~~[m[K
[01m[K/home/autoware/Autoware/src/autoware/visualization/detected_objects_visualizer/src/visualize_rects.cpp:35:3:[m[K [01;36m[Knote: [m[Ksuggested alternative: â€˜[01m[Ksubscriber_image_[m[Kâ€™
   [01;36m[Ksubscriber_fit_flag_[m[K = nh.subscribe("fault_flag", 1, &Yolo3DetectorNode::fit_flag_callback, this);
   [01;36m[K^~~~~~~~~~~~~~~~~~~~[m[K
   [32m[Ksubscriber_image_[m[K
[01m[K/home/autoware/Autoware/src/autoware/visualization/detected_objects_visualizer/src/visualize_rects.cpp:35:57:[m[K [01;31m[Kerror: [m[Kâ€˜[01m[KYolo3DetectorNode[m[Kâ€™ has not been declared
   subscriber_fit_flag_ = nh.subscribe("fault_flag", 1, &[01;31m[KYolo3DetectorNode[m[K::fit_flag_callback, this);
                                                         [01;31m[K^~~~~~~~~~~~~~~~~[m[K
[01m[K/home/autoware/Autoware/src/autoware/visualization/detected_objects_visualizer/src/visualize_rects.cpp:36:6:[m[K [01;31m[Kerror: [m[Kexpected â€˜[01m[K([m[Kâ€™ before â€˜[01m[Kfault_flag_[m[Kâ€™
   if [01;31m[Kfault_flag_[m[K == 0
      [01;31m[K^~~~~~~~~~~[m[K
[01m[K/home/autoware/Autoware/src/autoware/visualization/detected_objects_visualizer/src/visualize_rects.cpp:71:3:[m[K [01;31m[Kerror: [m[Kâ€˜[01m[Kelse[m[Kâ€™ without a previous â€˜[01m[Kif[m[Kâ€™
   [01;31m[Kelse[m[K
   [01;31m[K^~~~[m[K
[01m[K/home/autoware/Autoware/src/autoware/visualization/detected_objects_visualizer/src/visualize_rects.cpp:[m[K At global scope:
[01m[K/home/autoware/Autoware/src/autoware/visualization/detected_objects_visualizer/src/visualize_rects.cpp:144:56:[m[K [01;31m[Kerror: [m[Kâ€˜[01m[KInt64[m[Kâ€™ in namespace â€˜[01m[Kstd_msgs[m[Kâ€™ does not name a type
 void VisualizeRects::fit_flag_callback(const std_msgs::[01;31m[KInt64[m[K& fault_msg)
                                                        [01;31m[K^~~~~[m[K
[01m[K/home/autoware/Autoware/src/autoware/visualization/detected_objects_visualizer/src/visualize_rects.cpp:[m[K In member function â€˜[01m[Kvoid VisualizeRects::fit_flag_callback(const int&)[m[Kâ€™:
[01m[K/home/autoware/Autoware/src/autoware/visualization/detected_objects_visualizer/src/visualize_rects.cpp:147:19:[m[K [01;31m[Kerror: [m[Krequest for member â€˜[01m[Kdata[m[Kâ€™ in â€˜[01m[Kfault_msg[m[Kâ€™, which is of non-class type â€˜[01m[Kconst int[m[Kâ€™
     if (fault_msg.[01;31m[Kdata[m[K == 1)
                   [01;31m[K^~~~[m[K
[01m[K/home/autoware/Autoware/src/autoware/visualization/detected_objects_visualizer/src/visualize_rects.cpp:149:9:[m[K [01;31m[Kerror: [m[Kâ€˜[01m[Kfault_flag_[m[Kâ€™ was not declared in this scope
         [01;31m[Kfault_flag_[m[K = 1;
         [01;31m[K^~~~~~~~~~~[m[K
[01m[K/home/autoware/Autoware/src/autoware/visualization/detected_objects_visualizer/src/visualize_rects.cpp:149:9:[m[K [01;36m[Knote: [m[Ksuggested alternative: â€˜[01m[Kfault_msg[m[Kâ€™
         [01;36m[Kfault_flag_[m[K = 1;
         [01;36m[K^~~~~~~~~~~[m[K
         [32m[Kfault_msg[m[K
[01m[K/home/autoware/Autoware/src/autoware/visualization/detected_objects_visualizer/src/visualize_rects.cpp:153:9:[m[K [01;31m[Kerror: [m[Kâ€˜[01m[Kfault_flag_[m[Kâ€™ was not declared in this scope
         [01;31m[Kfault_flag_[m[K = 0;
         [01;31m[K^~~~~~~~~~~[m[K
[01m[K/home/autoware/Autoware/src/autoware/visualization/detected_objects_visualizer/src/visualize_rects.cpp:153:9:[m[K [01;36m[Knote: [m[Ksuggested alternative: â€˜[01m[Kfault_msg[m[Kâ€™
         [01;36m[Kfault_flag_[m[K = 0;
         [01;36m[K^~~~~~~~~~~[m[K
         [32m[Kfault_msg[m[K
In file included from [01m[K/opt/ros/melodic/include/ros/ros.h:40:0[m[K,
                 from [01m[K/home/autoware/Autoware/src/autoware/visualization/detected_objects_visualizer/include/visualize_rects.h:29[m[K,
                 from [01m[K/home/autoware/Autoware/src/autoware/visualization/detected_objects_visualizer/src/visualize_rects.cpp:20[m[K:
[01m[K/home/autoware/Autoware/src/autoware/visualization/detected_objects_visualizer/src/visualize_rects.cpp:155:27:[m[K [01;31m[Kerror: [m[Kâ€˜[01m[Kfault_flag_[m[Kâ€™ was not declared in this scope
     ROS_INFO("FLAG : %d", [01;31m[Kf[m[Kault_flag_);
                           [01;31m[K^[m[K
[01m[K/opt/ros/melodic/include/ros/console.h:348:165:[m[K [01;36m[Knote: [m[Kin definition of macro â€˜[01m[KROSCONSOLE_PRINT_AT_LOCATION_WITH_FILTER[m[Kâ€™
     ::ros::console::print(filter, __rosconsole_define_location__loc.logger_, __rosconsole_define_location__loc.level_, __FILE__, __LINE__, __ROSCONSOLE_FUNCTION__, [01;36m[K__VA_ARGS__[m[K)
                                                                                                                                                                     [01;36m[K^~~~~~~~~~~[m[K
[01m[K/opt/ros/melodic/include/ros/console.h:387:7:[m[K [01;36m[Knote: [m[Kin expansion of macro â€˜[01m[KROSCONSOLE_PRINT_AT_LOCATION[m[Kâ€™
       [01;36m[KROSCONSOLE_PRINT_AT_LOCATION[m[K(__VA_ARGS__); \
       [01;36m[K^~~~~~~~~~~~~~~~~~~~~~~~~~~~[m[K
[01m[K/opt/ros/melodic/include/ros/console.h:572:35:[m[K [01;36m[Knote: [m[Kin expansion of macro â€˜[01m[KROS_LOG_COND[m[Kâ€™
 #define ROS_LOG(level, name, ...) [01;36m[KROS_LOG_COND[m[K(true, level, name, __VA_ARGS__)
                                   [01;36m[K^~~~~~~~~~~~[m[K
[01m[K/opt/ros/melodic/include/rosconsole/macros_generated.h:110:23:[m[K [01;36m[Knote: [m[Kin expansion of macro â€˜[01m[KROS_LOG[m[Kâ€™
 #define ROS_INFO(...) [01;36m[KROS_LOG[m[K(::ros::console::levels::Info, ROSCONSOLE_DEFAULT_NAME, __VA_ARGS__)
                       [01;36m[K^~~~~~~[m[K
[01m[K/home/autoware/Autoware/src/autoware/visualization/detected_objects_visualizer/src/visualize_rects.cpp:155:5:[m[K [01;36m[Knote: [m[Kin expansion of macro â€˜[01m[KROS_INFO[m[Kâ€™
     [01;36m[KR[m[KOS_INFO("FLAG : %d", fault_flag_);
     [01;36m[K^[m[K
[01m[K/home/autoware/Autoware/src/autoware/visualization/detected_objects_visualizer/src/visualize_rects.cpp:155:27:[m[K [01;36m[Knote: [m[Ksuggested alternative: â€˜[01m[Kfault_msg[m[Kâ€™
     ROS_INFO("FLAG : %d", [01;36m[Kf[m[Kault_flag_);
                           [01;36m[K^[m[K
[01m[K/opt/ros/melodic/include/ros/console.h:348:165:[m[K [01;36m[Knote: [m[Kin definition of macro â€˜[01m[KROSCONSOLE_PRINT_AT_LOCATION_WITH_FILTER[m[Kâ€™
     ::ros::console::print(filter, __rosconsole_define_location__loc.logger_, __rosconsole_define_location__loc.level_, __FILE__, __LINE__, __ROSCONSOLE_FUNCTION__, [01;36m[K__VA_ARGS__[m[K)
                                                                                                                                                                     [01;36m[K^~~~~~~~~~~[m[K
[01m[K/opt/ros/melodic/include/ros/console.h:387:7:[m[K [01;36m[Knote: [m[Kin expansion of macro â€˜[01m[KROSCONSOLE_PRINT_AT_LOCATION[m[Kâ€™
       [01;36m[KROSCONSOLE_PRINT_AT_LOCATION[m[K(__VA_ARGS__); \
       [01;36m[K^~~~~~~~~~~~~~~~~~~~~~~~~~~~[m[K
[01m[K/opt/ros/melodic/include/ros/console.h:572:35:[m[K [01;36m[Knote: [m[Kin expansion of macro â€˜[01m[KROS_LOG_COND[m[Kâ€™
 #define ROS_LOG(level, name, ...) [01;36m[KROS_LOG_COND[m[K(true, level, name, __VA_ARGS__)
                                   [01;36m[K^~~~~~~~~~~~[m[K
[01m[K/opt/ros/melodic/include/rosconsole/macros_generated.h:110:23:[m[K [01;36m[Knote: [m[Kin expansion of macro â€˜[01m[KROS_LOG[m[Kâ€™
 #define ROS_INFO(...) [01;36m[KROS_LOG[m[K(::ros::console::levels::Info, ROSCONSOLE_DEFAULT_NAME, __VA_ARGS__)
                       [01;36m[K^~~~~~~[m[K
[01m[K/home/autoware/Autoware/src/autoware/visualization/detected_objects_visualizer/src/visualize_rects.cpp:155:5:[m[K [01;36m[Knote: [m[Kin expansion of macro â€˜[01m[KROS_INFO[m[Kâ€™
     [01;36m[KR[m[KOS_INFO("FLAG : %d", fault_flag_);
     [01;36m[K^[m[K
make[2]: *** [CMakeFiles/visualize_rects.dir/src/visualize_rects_main.cpp.o] Error 1
make[2]: *** Waiting for unfinished jobs....
make[2]: *** [CMakeFiles/visualize_rects.dir/src/visualize_rects.cpp.o] Error 1
make[1]: *** [CMakeFiles/visualize_rects.dir/all] Error 2
make: *** [all] Error 2
